<?xml version="1.0" encoding="UTF-8"?>
<!-- Generated by org.testng.reporters.JUnitXMLReporter -->
<testsuite ignored="0" hostname="ASDLAPKCH0361" failures="0" tests="1" name="Test" time="0.074" errors="0" timestamp="2023-07-25T14:35:49 IST">
  <testcase classname="com.lambda.LambdatestAutomation.Assignment" name="@BeforeMethod setUp" time="0.031">
    <failure type="java.lang.IllegalArgumentException">
      <![CDATA[java.lang.IllegalArgumentException
at java.desktop/javax.print.MimeType.parse(MimeType.java:593)
at java.desktop/javax.print.MimeType.<init>(MimeType.java:214)
at java.desktop/javax.print.DocFlavor.<init>(DocFlavor.java:449)
at java.desktop/javax.print.DocFlavor$URL.<init>(DocFlavor.java:973)
at com.lambda.LambdatestAutomation.Assignment.setUp(Assignment.java:32)
at java.base/java.util.ArrayList.forEach(ArrayList.java:1511)
... Removed 31 stack frames]]>
    </failure>
  </testcase> <!-- @BeforeMethod setUp -->
  <testcase classname="com.lambda.LambdatestAutomation.Assignment" name="run" time="0.0">
    <skipped/>
  </testcase> <!-- run -->
</testsuite> <!-- Test -->
